[debug] [2020-12-14T13:16:23.585Z] ----------------------------------------------------------------------
[debug] [2020-12-14T13:16:23.587Z] Command:       D:\Plhroforiaka programmata\nodejs\node.exe C:\Users\dimi44\AppData\Roaming\npm\node_modules\firebase-tools\lib\bin\firebase.js serve
[debug] [2020-12-14T13:16:23.588Z] CLI Version:   8.18.0
[debug] [2020-12-14T13:16:23.588Z] Platform:      win32
[debug] [2020-12-14T13:16:23.588Z] Node Version:  v14.7.0
[debug] [2020-12-14T13:16:23.589Z] Time:          Mon Dec 14 2020 15:16:23 GMT+0200 (Χειμερινή ώρα Ανατολικής Ευρώπης)
[debug] [2020-12-14T13:16:23.589Z] ----------------------------------------------------------------------
[debug] [2020-12-14T13:16:23.589Z] 
[debug] [2020-12-14T13:16:23.597Z] > command requires scopes: ["email","openid","https://www.googleapis.com/auth/cloudplatformprojects.readonly","https://www.googleapis.com/auth/firebase","https://www.googleapis.com/auth/cloud-platform"]
[debug] [2020-12-14T13:16:23.598Z] > authorizing via signed-in user
[debug] [2020-12-14T13:16:23.598Z] [iam] checking project score4-aa163 for permissions ["firebase.projects.get"]
[debug] [2020-12-14T13:16:23.601Z] >>> HTTP REQUEST POST https://cloudresourcemanager.googleapis.com/v1/projects/score4-aa163:testIamPermissions  
 {"permissions":["firebase.projects.get"]}
[debug] [2020-12-14T13:16:24.561Z] <<< HTTP RESPONSE 200 {"content-type":"application/json; charset=UTF-8","vary":"X-Origin, Referer, Origin,Accept-Encoding","date":"Mon, 14 Dec 2020 13:16:22 GMT","server":"ESF","cache-control":"private","x-xss-protection":"0","x-frame-options":"SAMEORIGIN","x-content-type-options":"nosniff","server-timing":"gfet4t7; dur=769","alt-svc":"h3-29=\":443\"; ma=2592000,h3-T051=\":443\"; ma=2592000,h3-Q050=\":443\"; ma=2592000,h3-Q046=\":443\"; ma=2592000,h3-Q043=\":443\"; ma=2592000,quic=\":443\"; ma=2592000; v=\"46,43\"","accept-ranges":"none","transfer-encoding":"chunked"}
[debug] [2020-12-14T13:16:24.563Z] >>> HTTP REQUEST GET https://firebase.googleapis.com/v1beta1/projects/score4-aa163  
 
[debug] [2020-12-14T13:16:25.028Z] <<< HTTP RESPONSE 200 {"content-type":"application/json; charset=UTF-8","vary":"X-Origin, Referer, Origin,Accept-Encoding","date":"Mon, 14 Dec 2020 13:16:23 GMT","server":"ESF","cache-control":"private","x-xss-protection":"0","x-frame-options":"SAMEORIGIN","x-content-type-options":"nosniff","alt-svc":"h3-29=\":443\"; ma=2592000,h3-T051=\":443\"; ma=2592000,h3-Q050=\":443\"; ma=2592000,h3-Q046=\":443\"; ma=2592000,h3-Q043=\":443\"; ma=2592000,quic=\":443\"; ma=2592000; v=\"46,43\"","accept-ranges":"none","transfer-encoding":"chunked"}
[info] 
[info] === Serving from 'C:\Users\dimi44\score4'...
[info] 
[warn] !  Your requested "node" version "10" doesn't match your global version "14" {"metadata":{"emulator":{"name":"functions"},"message":"Your requested \"node\" version \"10\" doesn't match your global version \"14\""}}
[debug] [2020-12-14T13:16:26.040Z] defaultcredentials: writing to file C:\Users\dimi44\AppData\Roaming\firebase\afidese3_gmail_com_application_default_credentials.json
[debug] [2020-12-14T13:16:26.041Z] Setting GAC to C:\Users\dimi44\AppData\Roaming\firebase\afidese3_gmail_com_application_default_credentials.json {"metadata":{"emulator":{"name":"functions"},"message":"Setting GAC to C:\\Users\\dimi44\\AppData\\Roaming\\firebase\\afidese3_gmail_com_application_default_credentials.json"}}
[info] i  functions: Watching "C:\Users\dimi44\score4\functions" for Cloud Functions... {"metadata":{"emulator":{"name":"functions"},"message":"Watching \"C:\\Users\\dimi44\\score4\\functions\" for Cloud Functions..."}}
[debug] [2020-12-14T13:16:26.059Z] [worker-pool] addWorker(~diagnostic~) {"metadata":{"emulator":{"name":"functions"},"message":"[worker-pool] addWorker(~diagnostic~)"}}
[debug] [2020-12-14T13:16:26.060Z] [worker-pool] Adding worker with key ~diagnostic~, total=1 {"metadata":{"emulator":{"name":"functions"},"message":"[worker-pool] Adding worker with key ~diagnostic~, total=1"}}
[debug] [2020-12-14T13:16:26.060Z] [worker-pool] submitWork(triggerId=) {"metadata":{"emulator":{"name":"functions"},"message":"[worker-pool] submitWork(triggerId=)"}}
[debug] [2020-12-14T13:16:26.060Z] [worker-~diagnostic~-25a2c0e8-ee01-4913-ba16-c8aef7c2dbb3]: Assigning socketPath: \\?\pipe\C:\Users\dimi44\score4\functions\14732 {"metadata":{"emulator":{"name":"functions"},"message":"[worker-~diagnostic~-25a2c0e8-ee01-4913-ba16-c8aef7c2dbb3]: Assigning socketPath: \\\\?\\pipe\\C:\\Users\\dimi44\\score4\\functions\\14732"}}
[debug] [2020-12-14T13:16:26.060Z] [worker-~diagnostic~-25a2c0e8-ee01-4913-ba16-c8aef7c2dbb3]: BUSY {"metadata":{"emulator":{"name":"functions"},"message":"[worker-~diagnostic~-25a2c0e8-ee01-4913-ba16-c8aef7c2dbb3]: BUSY"}}
[debug] [2020-12-14T13:16:26.294Z] [runtime-status] [14732] Functions runtime initialized. {"cwd":"C:\\Users\\dimi44\\score4\\functions","node_version":"14.7.0"} {"metadata":{"emulator":{"name":"functions"},"message":"[runtime-status] [14732] Functions runtime initialized. {\"cwd\":\"C:\\\\Users\\\\dimi44\\\\score4\\\\functions\",\"node_version\":\"14.7.0\"}"}}
[debug] [2020-12-14T13:16:26.296Z] [runtime-status] [14732] Disabled runtime features: undefined {"metadata":{"emulator":{"name":"functions"},"message":"[runtime-status] [14732] Disabled runtime features: undefined"}}
[debug] [2020-12-14T13:16:26.299Z] [runtime-status] [14732] Resolved module firebase-admin {"declared":true,"installed":true,"version":"9.4.1","resolution":"C:\\Users\\dimi44\\score4\\functions\\node_modules\\firebase-admin\\lib\\index.js"} {"metadata":{"emulator":{"name":"functions"},"message":"[runtime-status] [14732] Resolved module firebase-admin {\"declared\":true,\"installed\":true,\"version\":\"9.4.1\",\"resolution\":\"C:\\\\Users\\\\dimi44\\\\score4\\\\functions\\\\node_modules\\\\firebase-admin\\\\lib\\\\index.js\"}"}}
[debug] [2020-12-14T13:16:26.301Z] [runtime-status] [14732] Resolved module firebase-functions {"declared":true,"installed":true,"version":"3.13.0","resolution":"C:\\Users\\dimi44\\score4\\functions\\node_modules\\firebase-functions\\lib\\index.js"} {"metadata":{"emulator":{"name":"functions"},"message":"[runtime-status] [14732] Resolved module firebase-functions {\"declared\":true,\"installed\":true,\"version\":\"3.13.0\",\"resolution\":\"C:\\\\Users\\\\dimi44\\\\score4\\\\functions\\\\node_modules\\\\firebase-functions\\\\lib\\\\index.js\"}"}}
[debug] [2020-12-14T13:16:26.303Z] [runtime-status] [14732] Resolved module firebase-functions {"declared":true,"installed":true,"version":"3.13.0","resolution":"C:\\Users\\dimi44\\score4\\functions\\node_modules\\firebase-functions\\lib\\index.js"} {"metadata":{"emulator":{"name":"functions"},"message":"[runtime-status] [14732] Resolved module firebase-functions {\"declared\":true,\"installed\":true,\"version\":\"3.13.0\",\"resolution\":\"C:\\\\Users\\\\dimi44\\\\score4\\\\functions\\\\node_modules\\\\firebase-functions\\\\lib\\\\index.js\"}"}}
[debug] [2020-12-14T13:16:26.305Z] [runtime-status] [14732] Outgoing network have been stubbed. [{"name":"http","status":"mocked"},{"name":"http","status":"mocked"},{"name":"https","status":"mocked"},{"name":"https","status":"mocked"},{"name":"net","status":"mocked"}] {"metadata":{"emulator":{"name":"functions"},"message":"[runtime-status] [14732] Outgoing network have been stubbed. [{\"name\":\"http\",\"status\":\"mocked\"},{\"name\":\"http\",\"status\":\"mocked\"},{\"name\":\"https\",\"status\":\"mocked\"},{\"name\":\"https\",\"status\":\"mocked\"},{\"name\":\"net\",\"status\":\"mocked\"}]"}}
[debug] [2020-12-14T13:16:26.305Z] [runtime-status] [14732] Resolved module firebase-functions {"declared":true,"installed":true,"version":"3.13.0","resolution":"C:\\Users\\dimi44\\score4\\functions\\node_modules\\firebase-functions\\lib\\index.js"} {"metadata":{"emulator":{"name":"functions"},"message":"[runtime-status] [14732] Resolved module firebase-functions {\"declared\":true,\"installed\":true,\"version\":\"3.13.0\",\"resolution\":\"C:\\\\Users\\\\dimi44\\\\score4\\\\functions\\\\node_modules\\\\firebase-functions\\\\lib\\\\index.js\"}"}}
[debug] [2020-12-14T13:16:26.357Z] [runtime-status] [14732] Checked functions.config() {"config":{}} {"metadata":{"emulator":{"name":"functions"},"message":"[runtime-status] [14732] Checked functions.config() {\"config\":{}}"}}
[debug] [2020-12-14T13:16:26.357Z] [runtime-status] [14732] firebase-functions has been stubbed. {"functionsResolution":{"declared":true,"installed":true,"version":"3.13.0","resolution":"C:\\Users\\dimi44\\score4\\functions\\node_modules\\firebase-functions\\lib\\index.js"}} {"metadata":{"emulator":{"name":"functions"},"message":"[runtime-status] [14732] firebase-functions has been stubbed. {\"functionsResolution\":{\"declared\":true,\"installed\":true,\"version\":\"3.13.0\",\"resolution\":\"C:\\\\Users\\\\dimi44\\\\score4\\\\functions\\\\node_modules\\\\firebase-functions\\\\lib\\\\index.js\"}}"}}
[debug] [2020-12-14T13:16:26.358Z] [runtime-status] [14732] Resolved module firebase-functions {"declared":true,"installed":true,"version":"3.13.0","resolution":"C:\\Users\\dimi44\\score4\\functions\\node_modules\\firebase-functions\\lib\\index.js"} {"metadata":{"emulator":{"name":"functions"},"message":"[runtime-status] [14732] Resolved module firebase-functions {\"declared\":true,\"installed\":true,\"version\":\"3.13.0\",\"resolution\":\"C:\\\\Users\\\\dimi44\\\\score4\\\\functions\\\\node_modules\\\\firebase-functions\\\\lib\\\\index.js\"}"}}
[debug] [2020-12-14T13:16:26.359Z] [runtime-status] [14732] Resolved module firebase-admin {"declared":true,"installed":true,"version":"9.4.1","resolution":"C:\\Users\\dimi44\\score4\\functions\\node_modules\\firebase-admin\\lib\\index.js"} {"metadata":{"emulator":{"name":"functions"},"message":"[runtime-status] [14732] Resolved module firebase-admin {\"declared\":true,\"installed\":true,\"version\":\"9.4.1\",\"resolution\":\"C:\\\\Users\\\\dimi44\\\\score4\\\\functions\\\\node_modules\\\\firebase-admin\\\\lib\\\\index.js\"}"}}
[debug] [2020-12-14T13:16:26.360Z] [runtime-status] [14732] Resolved module firebase-functions {"declared":true,"installed":true,"version":"3.13.0","resolution":"C:\\Users\\dimi44\\score4\\functions\\node_modules\\firebase-functions\\lib\\index.js"} {"metadata":{"emulator":{"name":"functions"},"message":"[runtime-status] [14732] Resolved module firebase-functions {\"declared\":true,\"installed\":true,\"version\":\"3.13.0\",\"resolution\":\"C:\\\\Users\\\\dimi44\\\\score4\\\\functions\\\\node_modules\\\\firebase-functions\\\\lib\\\\index.js\"}"}}
[debug] [2020-12-14T13:16:26.360Z] [runtime-status] [14732] firebase-admin has been stubbed. {"adminResolution":{"declared":true,"installed":true,"version":"9.4.1","resolution":"C:\\Users\\dimi44\\score4\\functions\\node_modules\\firebase-admin\\lib\\index.js"}} {"metadata":{"emulator":{"name":"functions"},"message":"[runtime-status] [14732] firebase-admin has been stubbed. {\"adminResolution\":{\"declared\":true,\"installed\":true,\"version\":\"9.4.1\",\"resolution\":\"C:\\\\Users\\\\dimi44\\\\score4\\\\functions\\\\node_modules\\\\firebase-admin\\\\lib\\\\index.js\"}}"}}
[debug] [2020-12-14T13:16:26.490Z] [runtime-status] [14732] initializeApp(DEFAULT) {"databaseURL":"https://score4-aa163.firebaseio.com","storageBucket":"score4-aa163.appspot.com","projectId":"score4-aa163"} {"metadata":{"emulator":{"name":"functions"},"message":"[runtime-status] [14732] initializeApp(DEFAULT) {\"databaseURL\":\"https://score4-aa163.firebaseio.com\",\"storageBucket\":\"score4-aa163.appspot.com\",\"projectId\":\"score4-aa163\"}"}}
[warn] !  functions: The Cloud Firestore emulator is not running, so calls to Firestore will affect production. {"metadata":{"emulator":{"name":"functions"},"message":"The Cloud Firestore emulator is not running, so calls to Firestore will affect production."}}
[info] +  functions[api]: http function initialized (http://localhost:5000/score4-aa163/europe-west1/api). {"metadata":{"emulator":{"name":"functions"},"message":"\u001b[1mhttp\u001b[22m function initialized (http://localhost:5000/score4-aa163/europe-west1/api)."}}
[debug] [2020-12-14T13:16:26.917Z] [worker-~diagnostic~-25a2c0e8-ee01-4913-ba16-c8aef7c2dbb3]: IDLE {"metadata":{"emulator":{"name":"functions"},"message":"[worker-~diagnostic~-25a2c0e8-ee01-4913-ba16-c8aef7c2dbb3]: IDLE"}}
[debug] [2020-12-14T13:16:58.832Z] [work-queue] {"queueLength":1,"workRunningCount":0}
[debug] [2020-12-14T13:16:58.832Z] [work-queue] {"queueLength":0,"workRunningCount":1}
[debug] [2020-12-14T13:16:58.832Z] Accepted request GET /score4-aa163/europe-west1/api/tests --> api
[debug] [2020-12-14T13:16:58.837Z] [worker-pool] addWorker(api) {"metadata":{"emulator":{"name":"functions"},"message":"[worker-pool] addWorker(api)"}}
[debug] [2020-12-14T13:16:58.837Z] [worker-pool] Adding worker with key api, total=1 {"metadata":{"emulator":{"name":"functions"},"message":"[worker-pool] Adding worker with key api, total=1"}}
[debug] [2020-12-14T13:16:58.837Z] [worker-pool] submitWork(triggerId=api) {"metadata":{"emulator":{"name":"functions"},"message":"[worker-pool] submitWork(triggerId=api)"}}
[debug] [2020-12-14T13:16:58.837Z] [worker-api-f6af178d-42c6-459f-a477-f7941f8dcf8e]: Assigning socketPath: \\?\pipe\C:\Users\dimi44\score4\functions\2320 {"metadata":{"emulator":{"name":"functions"},"message":"[worker-api-f6af178d-42c6-459f-a477-f7941f8dcf8e]: Assigning socketPath: \\\\?\\pipe\\C:\\Users\\dimi44\\score4\\functions\\2320"}}
[debug] [2020-12-14T13:16:58.837Z] [worker-api-f6af178d-42c6-459f-a477-f7941f8dcf8e]: BUSY {"metadata":{"emulator":{"name":"functions"},"message":"[worker-api-f6af178d-42c6-459f-a477-f7941f8dcf8e]: BUSY"}}
[debug] [2020-12-14T13:16:59.074Z] [runtime-status] [2320] Functions runtime initialized. {"cwd":"C:\\Users\\dimi44\\score4\\functions","node_version":"14.7.0"} {"metadata":{"emulator":{"name":"functions"},"function":{"name":"api"},"message":"[runtime-status] [2320] Functions runtime initialized. {\"cwd\":\"C:\\\\Users\\\\dimi44\\\\score4\\\\functions\",\"node_version\":\"14.7.0\"}"}}
[debug] [2020-12-14T13:16:59.077Z] [runtime-status] [2320] Disabled runtime features: undefined {"metadata":{"emulator":{"name":"functions"},"function":{"name":"api"},"message":"[runtime-status] [2320] Disabled runtime features: undefined"}}
[debug] [2020-12-14T13:16:59.081Z] [runtime-status] [2320] Resolved module firebase-admin {"declared":true,"installed":true,"version":"9.4.1","resolution":"C:\\Users\\dimi44\\score4\\functions\\node_modules\\firebase-admin\\lib\\index.js"} {"metadata":{"emulator":{"name":"functions"},"function":{"name":"api"},"message":"[runtime-status] [2320] Resolved module firebase-admin {\"declared\":true,\"installed\":true,\"version\":\"9.4.1\",\"resolution\":\"C:\\\\Users\\\\dimi44\\\\score4\\\\functions\\\\node_modules\\\\firebase-admin\\\\lib\\\\index.js\"}"}}
[debug] [2020-12-14T13:16:59.083Z] [runtime-status] [2320] Resolved module firebase-functions {"declared":true,"installed":true,"version":"3.13.0","resolution":"C:\\Users\\dimi44\\score4\\functions\\node_modules\\firebase-functions\\lib\\index.js"} {"metadata":{"emulator":{"name":"functions"},"function":{"name":"api"},"message":"[runtime-status] [2320] Resolved module firebase-functions {\"declared\":true,\"installed\":true,\"version\":\"3.13.0\",\"resolution\":\"C:\\\\Users\\\\dimi44\\\\score4\\\\functions\\\\node_modules\\\\firebase-functions\\\\lib\\\\index.js\"}"}}
[debug] [2020-12-14T13:16:59.084Z] [runtime-status] [2320] Resolved module firebase-functions {"declared":true,"installed":true,"version":"3.13.0","resolution":"C:\\Users\\dimi44\\score4\\functions\\node_modules\\firebase-functions\\lib\\index.js"} {"metadata":{"emulator":{"name":"functions"},"function":{"name":"api"},"message":"[runtime-status] [2320] Resolved module firebase-functions {\"declared\":true,\"installed\":true,\"version\":\"3.13.0\",\"resolution\":\"C:\\\\Users\\\\dimi44\\\\score4\\\\functions\\\\node_modules\\\\firebase-functions\\\\lib\\\\index.js\"}"}}
[debug] [2020-12-14T13:16:59.086Z] [runtime-status] [2320] Outgoing network have been stubbed. [{"name":"http","status":"mocked"},{"name":"http","status":"mocked"},{"name":"https","status":"mocked"},{"name":"https","status":"mocked"},{"name":"net","status":"mocked"}] {"metadata":{"emulator":{"name":"functions"},"function":{"name":"api"},"message":"[runtime-status] [2320] Outgoing network have been stubbed. [{\"name\":\"http\",\"status\":\"mocked\"},{\"name\":\"http\",\"status\":\"mocked\"},{\"name\":\"https\",\"status\":\"mocked\"},{\"name\":\"https\",\"status\":\"mocked\"},{\"name\":\"net\",\"status\":\"mocked\"}]"}}
[debug] [2020-12-14T13:16:59.087Z] [runtime-status] [2320] Resolved module firebase-functions {"declared":true,"installed":true,"version":"3.13.0","resolution":"C:\\Users\\dimi44\\score4\\functions\\node_modules\\firebase-functions\\lib\\index.js"} {"metadata":{"emulator":{"name":"functions"},"function":{"name":"api"},"message":"[runtime-status] [2320] Resolved module firebase-functions {\"declared\":true,\"installed\":true,\"version\":\"3.13.0\",\"resolution\":\"C:\\\\Users\\\\dimi44\\\\score4\\\\functions\\\\node_modules\\\\firebase-functions\\\\lib\\\\index.js\"}"}}
[debug] [2020-12-14T13:16:59.140Z] [runtime-status] [2320] Checked functions.config() {"config":{}} {"metadata":{"emulator":{"name":"functions"},"function":{"name":"api"},"message":"[runtime-status] [2320] Checked functions.config() {\"config\":{}}"}}
[debug] [2020-12-14T13:16:59.141Z] [runtime-status] [2320] firebase-functions has been stubbed. {"functionsResolution":{"declared":true,"installed":true,"version":"3.13.0","resolution":"C:\\Users\\dimi44\\score4\\functions\\node_modules\\firebase-functions\\lib\\index.js"}} {"metadata":{"emulator":{"name":"functions"},"function":{"name":"api"},"message":"[runtime-status] [2320] firebase-functions has been stubbed. {\"functionsResolution\":{\"declared\":true,\"installed\":true,\"version\":\"3.13.0\",\"resolution\":\"C:\\\\Users\\\\dimi44\\\\score4\\\\functions\\\\node_modules\\\\firebase-functions\\\\lib\\\\index.js\"}}"}}
[debug] [2020-12-14T13:16:59.141Z] [runtime-status] [2320] Resolved module firebase-functions {"declared":true,"installed":true,"version":"3.13.0","resolution":"C:\\Users\\dimi44\\score4\\functions\\node_modules\\firebase-functions\\lib\\index.js"} {"metadata":{"emulator":{"name":"functions"},"function":{"name":"api"},"message":"[runtime-status] [2320] Resolved module firebase-functions {\"declared\":true,\"installed\":true,\"version\":\"3.13.0\",\"resolution\":\"C:\\\\Users\\\\dimi44\\\\score4\\\\functions\\\\node_modules\\\\firebase-functions\\\\lib\\\\index.js\"}"}}
[debug] [2020-12-14T13:16:59.142Z] [runtime-status] [2320] Resolved module firebase-admin {"declared":true,"installed":true,"version":"9.4.1","resolution":"C:\\Users\\dimi44\\score4\\functions\\node_modules\\firebase-admin\\lib\\index.js"} {"metadata":{"emulator":{"name":"functions"},"function":{"name":"api"},"message":"[runtime-status] [2320] Resolved module firebase-admin {\"declared\":true,\"installed\":true,\"version\":\"9.4.1\",\"resolution\":\"C:\\\\Users\\\\dimi44\\\\score4\\\\functions\\\\node_modules\\\\firebase-admin\\\\lib\\\\index.js\"}"}}
[debug] [2020-12-14T13:16:59.143Z] [runtime-status] [2320] Resolved module firebase-functions {"declared":true,"installed":true,"version":"3.13.0","resolution":"C:\\Users\\dimi44\\score4\\functions\\node_modules\\firebase-functions\\lib\\index.js"} {"metadata":{"emulator":{"name":"functions"},"function":{"name":"api"},"message":"[runtime-status] [2320] Resolved module firebase-functions {\"declared\":true,\"installed\":true,\"version\":\"3.13.0\",\"resolution\":\"C:\\\\Users\\\\dimi44\\\\score4\\\\functions\\\\node_modules\\\\firebase-functions\\\\lib\\\\index.js\"}"}}
[debug] [2020-12-14T13:16:59.143Z] [runtime-status] [2320] firebase-admin has been stubbed. {"adminResolution":{"declared":true,"installed":true,"version":"9.4.1","resolution":"C:\\Users\\dimi44\\score4\\functions\\node_modules\\firebase-admin\\lib\\index.js"}} {"metadata":{"emulator":{"name":"functions"},"function":{"name":"api"},"message":"[runtime-status] [2320] firebase-admin has been stubbed. {\"adminResolution\":{\"declared\":true,\"installed\":true,\"version\":\"9.4.1\",\"resolution\":\"C:\\\\Users\\\\dimi44\\\\score4\\\\functions\\\\node_modules\\\\firebase-admin\\\\lib\\\\index.js\"}}"}}
[debug] [2020-12-14T13:16:59.272Z] [runtime-status] [2320] initializeApp(DEFAULT) {"databaseURL":"https://score4-aa163.firebaseio.com","storageBucket":"score4-aa163.appspot.com","projectId":"score4-aa163"} {"metadata":{"emulator":{"name":"functions"},"function":{"name":"api"},"message":"[runtime-status] [2320] initializeApp(DEFAULT) {\"databaseURL\":\"https://score4-aa163.firebaseio.com\",\"storageBucket\":\"score4-aa163.appspot.com\",\"projectId\":\"score4-aa163\"}"}}
[debug] [2020-12-14T13:16:59.706Z] [runtime-status] [2320] Trigger "api" has been found, beginning invocation! {"metadata":{"emulator":{"name":"functions"},"function":{"name":"api"},"message":"[runtime-status] [2320] Trigger \"api\" has been found, beginning invocation!"}}
[info] i  functions: Beginning execution of "api" {"metadata":{"emulator":{"name":"functions"},"function":{"name":"api"},"message":"Beginning execution of \"api\""}}
[debug] [2020-12-14T13:16:59.707Z] [runtime-status] [2320] triggerDefinition {"regions":["europe-west1"],"httpsTrigger":{},"name":"api","entryPoint":"api"} {"metadata":{"emulator":{"name":"functions"},"function":{"name":"api"},"message":"[runtime-status] [2320] triggerDefinition {\"regions\":[\"europe-west1\"],\"httpsTrigger\":{},\"name\":\"api\",\"entryPoint\":\"api\"}"}}
[debug] [2020-12-14T13:16:59.707Z] [runtime-status] [2320] Running api in mode HTTPS {"metadata":{"emulator":{"name":"functions"},"function":{"name":"api"},"message":"[runtime-status] [2320] Running api in mode HTTPS"}}
[debug] [2020-12-14T13:16:59.711Z] [runtime-status] [2320] Attempting to listen to socketPath: \\?\pipe\C:\Users\dimi44\score4\functions\2320 {"metadata":{"emulator":{"name":"functions"},"function":{"name":"api"},"message":"[runtime-status] [2320] Attempting to listen to socketPath: \\\\?\\pipe\\C:\\Users\\dimi44\\score4\\functions\\2320"}}
[debug] [2020-12-14T13:16:59.716Z] [functions] Runtime ready! Sending request! {"metadata":{"emulator":{"name":"functions"},"message":"[functions] Runtime ready! Sending request!"}}
[debug] [2020-12-14T13:16:59.722Z] [runtime-status] [2320] Ephemeral server handling GET request {"metadata":{"emulator":{"name":"functions"},"function":{"name":"api"},"message":"[runtime-status] [2320] Ephemeral server handling GET request"}}
[debug] [2020-12-14T13:16:59.727Z] [runtime-status] [2320] Ephemeral server survived. {"metadata":{"emulator":{"name":"functions"},"function":{"name":"api"},"message":"[runtime-status] [2320] Ephemeral server survived."}}
[warn] !  Google API requested!
   - URL: "https://oauth2.googleapis.com/token"
   - Be careful, this may be a production service. {"metadata":{"emulator":{"name":"functions"},"function":{"name":"api"},"message":"Google API requested!\n   - URL: \"https://oauth2.googleapis.com/token\"\n   - Be careful, this may be a production service."}}
[info] i  functions: Finished "api" in ~1s {"metadata":{"emulator":{"name":"functions"},"function":{"name":"api"},"message":"Finished \"api\" in ~1s"}}
[debug] [2020-12-14T13:17:00.690Z] [worker-api-f6af178d-42c6-459f-a477-f7941f8dcf8e]: IDLE {"metadata":{"emulator":{"name":"functions"},"message":"[worker-api-f6af178d-42c6-459f-a477-f7941f8dcf8e]: IDLE"}}
[debug] [2020-12-14T13:17:00.690Z] [work-queue] {"queueLength":0,"workRunningCount":0}
[debug] [2020-12-14T13:17:19.297Z] [work-queue] {"queueLength":1,"workRunningCount":0}
[debug] [2020-12-14T13:17:19.298Z] [work-queue] {"queueLength":0,"workRunningCount":1}
[debug] [2020-12-14T13:17:19.298Z] Accepted request GET /score4-aa163/europe-west1/api/test --> api
[debug] [2020-12-14T13:17:19.298Z] [worker-pool] submitWork(triggerId=api) {"metadata":{"emulator":{"name":"functions"},"message":"[worker-pool] submitWork(triggerId=api)"}}
[debug] [2020-12-14T13:17:19.298Z] [worker-api-f6af178d-42c6-459f-a477-f7941f8dcf8e]: Assigning socketPath: \\?\pipe\C:\Users\dimi44\score4\functions\2320 {"metadata":{"emulator":{"name":"functions"},"message":"[worker-api-f6af178d-42c6-459f-a477-f7941f8dcf8e]: Assigning socketPath: \\\\?\\pipe\\C:\\Users\\dimi44\\score4\\functions\\2320"}}
[debug] [2020-12-14T13:17:19.298Z] [worker-api-f6af178d-42c6-459f-a477-f7941f8dcf8e]: BUSY {"metadata":{"emulator":{"name":"functions"},"message":"[worker-api-f6af178d-42c6-459f-a477-f7941f8dcf8e]: BUSY"}}
[debug] [2020-12-14T13:17:19.299Z] [runtime-status] [2320] Trigger "api" has been found, beginning invocation! {"metadata":{"emulator":{"name":"functions"},"function":{"name":"api"},"message":"[runtime-status] [2320] Trigger \"api\" has been found, beginning invocation!"}}
[info] i  functions: Beginning execution of "api" {"metadata":{"emulator":{"name":"functions"},"function":{"name":"api"},"message":"Beginning execution of \"api\""}}
[debug] [2020-12-14T13:17:19.299Z] [runtime-status] [2320] triggerDefinition {"regions":["europe-west1"],"httpsTrigger":{},"name":"api","entryPoint":"api"} {"metadata":{"emulator":{"name":"functions"},"function":{"name":"api"},"message":"[runtime-status] [2320] triggerDefinition {\"regions\":[\"europe-west1\"],\"httpsTrigger\":{},\"name\":\"api\",\"entryPoint\":\"api\"}"}}
[debug] [2020-12-14T13:17:19.300Z] [runtime-status] [2320] Running api in mode HTTPS {"metadata":{"emulator":{"name":"functions"},"function":{"name":"api"},"message":"[runtime-status] [2320] Running api in mode HTTPS"}}
[debug] [2020-12-14T13:17:19.300Z] [runtime-status] [2320] Attempting to listen to socketPath: \\?\pipe\C:\Users\dimi44\score4\functions\2320 {"metadata":{"emulator":{"name":"functions"},"function":{"name":"api"},"message":"[runtime-status] [2320] Attempting to listen to socketPath: \\\\?\\pipe\\C:\\Users\\dimi44\\score4\\functions\\2320"}}
[debug] [2020-12-14T13:17:19.301Z] [functions] Runtime ready! Sending request! {"metadata":{"emulator":{"name":"functions"},"message":"[functions] Runtime ready! Sending request!"}}
[debug] [2020-12-14T13:17:19.304Z] [runtime-status] [2320] Ephemeral server handling GET request {"metadata":{"emulator":{"name":"functions"},"function":{"name":"api"},"message":"[runtime-status] [2320] Ephemeral server handling GET request"}}
[debug] [2020-12-14T13:17:19.307Z] [runtime-status] [2320] Ephemeral server survived. {"metadata":{"emulator":{"name":"functions"},"function":{"name":"api"},"message":"[runtime-status] [2320] Ephemeral server survived."}}
[info] i  functions: Finished "api" in ~1s {"metadata":{"emulator":{"name":"functions"},"function":{"name":"api"},"message":"Finished \"api\" in ~1s"}}
[debug] [2020-12-14T13:17:19.308Z] [worker-api-f6af178d-42c6-459f-a477-f7941f8dcf8e]: IDLE {"metadata":{"emulator":{"name":"functions"},"message":"[worker-api-f6af178d-42c6-459f-a477-f7941f8dcf8e]: IDLE"}}
[debug] [2020-12-14T13:17:19.308Z] [work-queue] {"queueLength":0,"workRunningCount":0}
[debug] [2020-12-14T13:18:30.793Z] [work-queue] {"queueLength":1,"workRunningCount":0}
[debug] [2020-12-14T13:18:30.793Z] [work-queue] {"queueLength":0,"workRunningCount":1}
[debug] [2020-12-14T13:18:30.793Z] Accepted request GET /score4-aa163/europe-west1/api --> api
[debug] [2020-12-14T13:18:30.793Z] [worker-pool] submitWork(triggerId=api) {"metadata":{"emulator":{"name":"functions"},"message":"[worker-pool] submitWork(triggerId=api)"}}
[debug] [2020-12-14T13:18:30.793Z] [worker-api-f6af178d-42c6-459f-a477-f7941f8dcf8e]: Assigning socketPath: \\?\pipe\C:\Users\dimi44\score4\functions\2320 {"metadata":{"emulator":{"name":"functions"},"message":"[worker-api-f6af178d-42c6-459f-a477-f7941f8dcf8e]: Assigning socketPath: \\\\?\\pipe\\C:\\Users\\dimi44\\score4\\functions\\2320"}}
[debug] [2020-12-14T13:18:30.793Z] [worker-api-f6af178d-42c6-459f-a477-f7941f8dcf8e]: BUSY {"metadata":{"emulator":{"name":"functions"},"message":"[worker-api-f6af178d-42c6-459f-a477-f7941f8dcf8e]: BUSY"}}
[debug] [2020-12-14T13:18:30.794Z] [runtime-status] [2320] Trigger "api" has been found, beginning invocation! {"metadata":{"emulator":{"name":"functions"},"function":{"name":"api"},"message":"[runtime-status] [2320] Trigger \"api\" has been found, beginning invocation!"}}
[info] i  functions: Beginning execution of "api" {"metadata":{"emulator":{"name":"functions"},"function":{"name":"api"},"message":"Beginning execution of \"api\""}}
[debug] [2020-12-14T13:18:30.795Z] [runtime-status] [2320] triggerDefinition {"regions":["europe-west1"],"httpsTrigger":{},"name":"api","entryPoint":"api"} {"metadata":{"emulator":{"name":"functions"},"function":{"name":"api"},"message":"[runtime-status] [2320] triggerDefinition {\"regions\":[\"europe-west1\"],\"httpsTrigger\":{},\"name\":\"api\",\"entryPoint\":\"api\"}"}}
[debug] [2020-12-14T13:18:30.795Z] [runtime-status] [2320] Running api in mode HTTPS {"metadata":{"emulator":{"name":"functions"},"function":{"name":"api"},"message":"[runtime-status] [2320] Running api in mode HTTPS"}}
[debug] [2020-12-14T13:18:30.796Z] [runtime-status] [2320] Attempting to listen to socketPath: \\?\pipe\C:\Users\dimi44\score4\functions\2320 {"metadata":{"emulator":{"name":"functions"},"function":{"name":"api"},"message":"[runtime-status] [2320] Attempting to listen to socketPath: \\\\?\\pipe\\C:\\Users\\dimi44\\score4\\functions\\2320"}}
[debug] [2020-12-14T13:18:30.797Z] [functions] Runtime ready! Sending request! {"metadata":{"emulator":{"name":"functions"},"message":"[functions] Runtime ready! Sending request!"}}
[debug] [2020-12-14T13:18:30.800Z] [runtime-status] [2320] Ephemeral server handling GET request {"metadata":{"emulator":{"name":"functions"},"function":{"name":"api"},"message":"[runtime-status] [2320] Ephemeral server handling GET request"}}
[debug] [2020-12-14T13:18:30.801Z] [runtime-status] [2320] Ephemeral server survived. {"metadata":{"emulator":{"name":"functions"},"function":{"name":"api"},"message":"[runtime-status] [2320] Ephemeral server survived."}}
[info] i  functions: Finished "api" in ~1s {"metadata":{"emulator":{"name":"functions"},"function":{"name":"api"},"message":"Finished \"api\" in ~1s"}}
[debug] [2020-12-14T13:18:30.802Z] [worker-api-f6af178d-42c6-459f-a477-f7941f8dcf8e]: IDLE {"metadata":{"emulator":{"name":"functions"},"message":"[worker-api-f6af178d-42c6-459f-a477-f7941f8dcf8e]: IDLE"}}
[debug] [2020-12-14T13:18:30.802Z] [work-queue] {"queueLength":0,"workRunningCount":0}
[debug] [2020-12-14T13:18:30.803Z] [work-queue] {"queueLength":1,"workRunningCount":0}
[debug] [2020-12-14T13:18:30.803Z] [work-queue] {"queueLength":0,"workRunningCount":1}
[debug] [2020-12-14T13:18:30.804Z] Accepted request GET /score4-aa163/europe-west1/api --> api
[debug] [2020-12-14T13:18:30.804Z] [worker-pool] submitWork(triggerId=api) {"metadata":{"emulator":{"name":"functions"},"message":"[worker-pool] submitWork(triggerId=api)"}}
[debug] [2020-12-14T13:18:30.804Z] [worker-api-f6af178d-42c6-459f-a477-f7941f8dcf8e]: Assigning socketPath: \\?\pipe\C:\Users\dimi44\score4\functions\2320 {"metadata":{"emulator":{"name":"functions"},"message":"[worker-api-f6af178d-42c6-459f-a477-f7941f8dcf8e]: Assigning socketPath: \\\\?\\pipe\\C:\\Users\\dimi44\\score4\\functions\\2320"}}
[debug] [2020-12-14T13:18:30.804Z] [worker-api-f6af178d-42c6-459f-a477-f7941f8dcf8e]: BUSY {"metadata":{"emulator":{"name":"functions"},"message":"[worker-api-f6af178d-42c6-459f-a477-f7941f8dcf8e]: BUSY"}}
[debug] [2020-12-14T13:18:30.812Z] [runtime-status] [2320] Trigger "api" has been found, beginning invocation! {"metadata":{"emulator":{"name":"functions"},"function":{"name":"api"},"message":"[runtime-status] [2320] Trigger \"api\" has been found, beginning invocation!"}}
[info] i  functions: Beginning execution of "api" {"metadata":{"emulator":{"name":"functions"},"function":{"name":"api"},"message":"Beginning execution of \"api\""}}
[debug] [2020-12-14T13:18:30.813Z] [runtime-status] [2320] triggerDefinition {"regions":["europe-west1"],"httpsTrigger":{},"name":"api","entryPoint":"api"} {"metadata":{"emulator":{"name":"functions"},"function":{"name":"api"},"message":"[runtime-status] [2320] triggerDefinition {\"regions\":[\"europe-west1\"],\"httpsTrigger\":{},\"name\":\"api\",\"entryPoint\":\"api\"}"}}
[debug] [2020-12-14T13:18:30.813Z] [runtime-status] [2320] Running api in mode HTTPS {"metadata":{"emulator":{"name":"functions"},"function":{"name":"api"},"message":"[runtime-status] [2320] Running api in mode HTTPS"}}
[debug] [2020-12-14T13:18:30.813Z] [runtime-status] [2320] Attempting to listen to socketPath: \\?\pipe\C:\Users\dimi44\score4\functions\2320 {"metadata":{"emulator":{"name":"functions"},"function":{"name":"api"},"message":"[runtime-status] [2320] Attempting to listen to socketPath: \\\\?\\pipe\\C:\\Users\\dimi44\\score4\\functions\\2320"}}
[debug] [2020-12-14T13:18:30.814Z] [functions] Runtime ready! Sending request! {"metadata":{"emulator":{"name":"functions"},"message":"[functions] Runtime ready! Sending request!"}}
[debug] [2020-12-14T13:18:30.817Z] [runtime-status] [2320] Ephemeral server handling GET request {"metadata":{"emulator":{"name":"functions"},"function":{"name":"api"},"message":"[runtime-status] [2320] Ephemeral server handling GET request"}}
[debug] [2020-12-14T13:18:30.818Z] [runtime-status] [2320] Ephemeral server survived. {"metadata":{"emulator":{"name":"functions"},"function":{"name":"api"},"message":"[runtime-status] [2320] Ephemeral server survived."}}
[info] i  functions: Finished "api" in ~1s {"metadata":{"emulator":{"name":"functions"},"function":{"name":"api"},"message":"Finished \"api\" in ~1s"}}
[debug] [2020-12-14T13:18:30.819Z] [worker-api-f6af178d-42c6-459f-a477-f7941f8dcf8e]: IDLE {"metadata":{"emulator":{"name":"functions"},"message":"[worker-api-f6af178d-42c6-459f-a477-f7941f8dcf8e]: IDLE"}}
[debug] [2020-12-14T13:18:30.820Z] [work-queue] {"queueLength":0,"workRunningCount":0}
[debug] [2020-12-14T13:18:30.820Z] [work-queue] {"queueLength":1,"workRunningCount":0}
[debug] [2020-12-14T13:18:30.820Z] [work-queue] {"queueLength":0,"workRunningCount":1}
[debug] [2020-12-14T13:18:30.821Z] Accepted request GET /score4-aa163/europe-west1/api --> api
[debug] [2020-12-14T13:18:30.821Z] [worker-pool] submitWork(triggerId=api) {"metadata":{"emulator":{"name":"functions"},"message":"[worker-pool] submitWork(triggerId=api)"}}
[debug] [2020-12-14T13:18:30.821Z] [worker-api-f6af178d-42c6-459f-a477-f7941f8dcf8e]: Assigning socketPath: \\?\pipe\C:\Users\dimi44\score4\functions\2320 {"metadata":{"emulator":{"name":"functions"},"message":"[worker-api-f6af178d-42c6-459f-a477-f7941f8dcf8e]: Assigning socketPath: \\\\?\\pipe\\C:\\Users\\dimi44\\score4\\functions\\2320"}}
[debug] [2020-12-14T13:18:30.821Z] [worker-api-f6af178d-42c6-459f-a477-f7941f8dcf8e]: BUSY {"metadata":{"emulator":{"name":"functions"},"message":"[worker-api-f6af178d-42c6-459f-a477-f7941f8dcf8e]: BUSY"}}
[debug] [2020-12-14T13:18:30.828Z] [runtime-status] [2320] Trigger "api" has been found, beginning invocation! {"metadata":{"emulator":{"name":"functions"},"function":{"name":"api"},"message":"[runtime-status] [2320] Trigger \"api\" has been found, beginning invocation!"}}
[info] i  functions: Beginning execution of "api" {"metadata":{"emulator":{"name":"functions"},"function":{"name":"api"},"message":"Beginning execution of \"api\""}}
[debug] [2020-12-14T13:18:30.829Z] [runtime-status] [2320] triggerDefinition {"regions":["europe-west1"],"httpsTrigger":{},"name":"api","entryPoint":"api"} {"metadata":{"emulator":{"name":"functions"},"function":{"name":"api"},"message":"[runtime-status] [2320] triggerDefinition {\"regions\":[\"europe-west1\"],\"httpsTrigger\":{},\"name\":\"api\",\"entryPoint\":\"api\"}"}}
[debug] [2020-12-14T13:18:30.829Z] [runtime-status] [2320] Running api in mode HTTPS {"metadata":{"emulator":{"name":"functions"},"function":{"name":"api"},"message":"[runtime-status] [2320] Running api in mode HTTPS"}}
[debug] [2020-12-14T13:18:30.830Z] [runtime-status] [2320] Attempting to listen to socketPath: \\?\pipe\C:\Users\dimi44\score4\functions\2320 {"metadata":{"emulator":{"name":"functions"},"function":{"name":"api"},"message":"[runtime-status] [2320] Attempting to listen to socketPath: \\\\?\\pipe\\C:\\Users\\dimi44\\score4\\functions\\2320"}}
[debug] [2020-12-14T13:18:30.831Z] [functions] Runtime ready! Sending request! {"metadata":{"emulator":{"name":"functions"},"message":"[functions] Runtime ready! Sending request!"}}
[debug] [2020-12-14T13:18:30.833Z] [runtime-status] [2320] Ephemeral server handling GET request {"metadata":{"emulator":{"name":"functions"},"function":{"name":"api"},"message":"[runtime-status] [2320] Ephemeral server handling GET request"}}
[debug] [2020-12-14T13:18:30.834Z] [runtime-status] [2320] Ephemeral server survived. {"metadata":{"emulator":{"name":"functions"},"function":{"name":"api"},"message":"[runtime-status] [2320] Ephemeral server survived."}}
[info] i  functions: Finished "api" in ~1s {"metadata":{"emulator":{"name":"functions"},"function":{"name":"api"},"message":"Finished \"api\" in ~1s"}}
[debug] [2020-12-14T13:18:30.835Z] [worker-api-f6af178d-42c6-459f-a477-f7941f8dcf8e]: IDLE {"metadata":{"emulator":{"name":"functions"},"message":"[worker-api-f6af178d-42c6-459f-a477-f7941f8dcf8e]: IDLE"}}
[debug] [2020-12-14T13:18:30.835Z] [work-queue] {"queueLength":0,"workRunningCount":0}
[debug] [2020-12-14T19:40:43.658Z] [work-queue] {"queueLength":1,"workRunningCount":0}
[debug] [2020-12-14T19:40:43.658Z] [work-queue] {"queueLength":0,"workRunningCount":1}
[debug] [2020-12-14T19:40:43.658Z] Accepted request GET /score4-aa163/europe-west1/api/test --> api
[debug] [2020-12-14T19:40:43.658Z] [worker-pool] submitWork(triggerId=api) {"metadata":{"emulator":{"name":"functions"},"message":"[worker-pool] submitWork(triggerId=api)"}}
[debug] [2020-12-14T19:40:43.658Z] [worker-api-f6af178d-42c6-459f-a477-f7941f8dcf8e]: Assigning socketPath: \\?\pipe\C:\Users\dimi44\score4\functions\2320 {"metadata":{"emulator":{"name":"functions"},"message":"[worker-api-f6af178d-42c6-459f-a477-f7941f8dcf8e]: Assigning socketPath: \\\\?\\pipe\\C:\\Users\\dimi44\\score4\\functions\\2320"}}
[debug] [2020-12-14T19:40:43.658Z] [worker-api-f6af178d-42c6-459f-a477-f7941f8dcf8e]: BUSY {"metadata":{"emulator":{"name":"functions"},"message":"[worker-api-f6af178d-42c6-459f-a477-f7941f8dcf8e]: BUSY"}}
[debug] [2020-12-14T19:40:43.659Z] [runtime-status] [2320] Trigger "api" has been found, beginning invocation! {"metadata":{"emulator":{"name":"functions"},"function":{"name":"api"},"message":"[runtime-status] [2320] Trigger \"api\" has been found, beginning invocation!"}}
[info] i  functions: Beginning execution of "api" {"metadata":{"emulator":{"name":"functions"},"function":{"name":"api"},"message":"Beginning execution of \"api\""}}
[debug] [2020-12-14T19:40:43.659Z] [runtime-status] [2320] triggerDefinition {"regions":["europe-west1"],"httpsTrigger":{},"name":"api","entryPoint":"api"} {"metadata":{"emulator":{"name":"functions"},"function":{"name":"api"},"message":"[runtime-status] [2320] triggerDefinition {\"regions\":[\"europe-west1\"],\"httpsTrigger\":{},\"name\":\"api\",\"entryPoint\":\"api\"}"}}
[debug] [2020-12-14T19:40:43.661Z] [runtime-status] [2320] Running api in mode HTTPS {"metadata":{"emulator":{"name":"functions"},"function":{"name":"api"},"message":"[runtime-status] [2320] Running api in mode HTTPS"}}
[debug] [2020-12-14T19:40:43.662Z] [runtime-status] [2320] Attempting to listen to socketPath: \\?\pipe\C:\Users\dimi44\score4\functions\2320 {"metadata":{"emulator":{"name":"functions"},"function":{"name":"api"},"message":"[runtime-status] [2320] Attempting to listen to socketPath: \\\\?\\pipe\\C:\\Users\\dimi44\\score4\\functions\\2320"}}
[debug] [2020-12-14T19:40:43.663Z] [functions] Runtime ready! Sending request! {"metadata":{"emulator":{"name":"functions"},"message":"[functions] Runtime ready! Sending request!"}}
[info] >  SyntaxError: Unexpected token h in JSON at position 0 {"user":"SyntaxError: Unexpected token h in JSON at position 0","metadata":{"emulator":{"name":"functions"},"function":{"name":"api"},"message":"\u001b[90m> \u001b[39m SyntaxError: Unexpected token h in JSON at position 0"}}
[info] >      at JSON.parse (<anonymous>) {"user":"    at JSON.parse (<anonymous>)","metadata":{"emulator":{"name":"functions"},"function":{"name":"api"},"message":"\u001b[90m> \u001b[39m     at JSON.parse (<anonymous>)"}}
[info] >      at createStrictSyntaxError (C:\Users\dimi44\AppData\Roaming\npm\node_modules\firebase-tools\node_modules\body-parser\lib\types\json.js:158:10) {"user":"    at createStrictSyntaxError (C:\\Users\\dimi44\\AppData\\Roaming\\npm\\node_modules\\firebase-tools\\node_modules\\body-parser\\lib\\types\\json.js:158:10)","metadata":{"emulator":{"name":"functions"},"function":{"name":"api"},"message":"\u001b[90m> \u001b[39m     at createStrictSyntaxError (C:\\Users\\dimi44\\AppData\\Roaming\\npm\\node_modules\\firebase-tools\\node_modules\\body-parser\\lib\\types\\json.js:158:10)"}}
[info] >      at parse (C:\Users\dimi44\AppData\Roaming\npm\node_modules\firebase-tools\node_modules\body-parser\lib\types\json.js:83:15) {"user":"    at parse (C:\\Users\\dimi44\\AppData\\Roaming\\npm\\node_modules\\firebase-tools\\node_modules\\body-parser\\lib\\types\\json.js:83:15)","metadata":{"emulator":{"name":"functions"},"function":{"name":"api"},"message":"\u001b[90m> \u001b[39m     at parse (C:\\Users\\dimi44\\AppData\\Roaming\\npm\\node_modules\\firebase-tools\\node_modules\\body-parser\\lib\\types\\json.js:83:15)"}}
[info] >      at C:\Users\dimi44\AppData\Roaming\npm\node_modules\firebase-tools\node_modules\body-parser\lib\read.js:121:18 {"user":"    at C:\\Users\\dimi44\\AppData\\Roaming\\npm\\node_modules\\firebase-tools\\node_modules\\body-parser\\lib\\read.js:121:18","metadata":{"emulator":{"name":"functions"},"function":{"name":"api"},"message":"\u001b[90m> \u001b[39m     at C:\\Users\\dimi44\\AppData\\Roaming\\npm\\node_modules\\firebase-tools\\node_modules\\body-parser\\lib\\read.js:121:18"}}
[info] >      at invokeCallback (C:\Users\dimi44\AppData\Roaming\npm\node_modules\firebase-tools\node_modules\raw-body\index.js:224:16) {"user":"    at invokeCallback (C:\\Users\\dimi44\\AppData\\Roaming\\npm\\node_modules\\firebase-tools\\node_modules\\raw-body\\index.js:224:16)","metadata":{"emulator":{"name":"functions"},"function":{"name":"api"},"message":"\u001b[90m> \u001b[39m     at invokeCallback (C:\\Users\\dimi44\\AppData\\Roaming\\npm\\node_modules\\firebase-tools\\node_modules\\raw-body\\index.js:224:16)"}}
[info] >      at done (C:\Users\dimi44\AppData\Roaming\npm\node_modules\firebase-tools\node_modules\raw-body\index.js:213:7) {"user":"    at done (C:\\Users\\dimi44\\AppData\\Roaming\\npm\\node_modules\\firebase-tools\\node_modules\\raw-body\\index.js:213:7)","metadata":{"emulator":{"name":"functions"},"function":{"name":"api"},"message":"\u001b[90m> \u001b[39m     at done (C:\\Users\\dimi44\\AppData\\Roaming\\npm\\node_modules\\firebase-tools\\node_modules\\raw-body\\index.js:213:7)"}}
[info] >      at IncomingMessage.onEnd (C:\Users\dimi44\AppData\Roaming\npm\node_modules\firebase-tools\node_modules\raw-body\index.js:273:7) {"user":"    at IncomingMessage.onEnd (C:\\Users\\dimi44\\AppData\\Roaming\\npm\\node_modules\\firebase-tools\\node_modules\\raw-body\\index.js:273:7)","metadata":{"emulator":{"name":"functions"},"function":{"name":"api"},"message":"\u001b[90m> \u001b[39m     at IncomingMessage.onEnd (C:\\Users\\dimi44\\AppData\\Roaming\\npm\\node_modules\\firebase-tools\\node_modules\\raw-body\\index.js:273:7)"}}
[info] >      at IncomingMessage.emit (events.js:314:20) {"user":"    at IncomingMessage.emit (events.js:314:20)","metadata":{"emulator":{"name":"functions"},"function":{"name":"api"},"message":"\u001b[90m> \u001b[39m     at IncomingMessage.emit (events.js:314:20)"}}
[info] >      at endReadableNT (_stream_readable.js:1244:12) {"user":"    at endReadableNT (_stream_readable.js:1244:12)","metadata":{"emulator":{"name":"functions"},"function":{"name":"api"},"message":"\u001b[90m> \u001b[39m     at endReadableNT (_stream_readable.js:1244:12)"}}
[info] >      at processTicksAndRejections (internal/process/task_queues.js:80:21) {"user":"    at processTicksAndRejections (internal/process/task_queues.js:80:21)","metadata":{"emulator":{"name":"functions"},"function":{"name":"api"},"message":"\u001b[90m> \u001b[39m     at processTicksAndRejections (internal/process/task_queues.js:80:21)"}}
[debug] [2020-12-14T19:40:52.048Z] [work-queue] {"queueLength":1,"workRunningCount":1}
[debug] [2020-12-14T19:40:52.048Z] [work-queue] {"queueLength":0,"workRunningCount":2}
[debug] [2020-12-14T19:40:52.048Z] Accepted request GET /score4-aa163/europe-west1/api/test --> api
[debug] [2020-12-14T19:40:52.052Z] [worker-pool] addWorker(api) {"metadata":{"emulator":{"name":"functions"},"message":"[worker-pool] addWorker(api)"}}
[debug] [2020-12-14T19:40:52.052Z] [worker-pool] Adding worker with key api, total=2 {"metadata":{"emulator":{"name":"functions"},"message":"[worker-pool] Adding worker with key api, total=2"}}
[debug] [2020-12-14T19:40:52.052Z] [worker-pool] submitWork(triggerId=api) {"metadata":{"emulator":{"name":"functions"},"message":"[worker-pool] submitWork(triggerId=api)"}}
[debug] [2020-12-14T19:40:52.052Z] [worker-api-cab5a0b6-281a-4be9-a25c-0cfd19e150b8]: Assigning socketPath: \\?\pipe\C:\Users\dimi44\score4\functions\8688 {"metadata":{"emulator":{"name":"functions"},"message":"[worker-api-cab5a0b6-281a-4be9-a25c-0cfd19e150b8]: Assigning socketPath: \\\\?\\pipe\\C:\\Users\\dimi44\\score4\\functions\\8688"}}
[debug] [2020-12-14T19:40:52.052Z] [worker-api-cab5a0b6-281a-4be9-a25c-0cfd19e150b8]: BUSY {"metadata":{"emulator":{"name":"functions"},"message":"[worker-api-cab5a0b6-281a-4be9-a25c-0cfd19e150b8]: BUSY"}}
[debug] [2020-12-14T19:40:52.314Z] [runtime-status] [8688] Functions runtime initialized. {"cwd":"C:\\Users\\dimi44\\score4\\functions","node_version":"14.7.0"} {"metadata":{"emulator":{"name":"functions"},"function":{"name":"api"},"message":"[runtime-status] [8688] Functions runtime initialized. {\"cwd\":\"C:\\\\Users\\\\dimi44\\\\score4\\\\functions\",\"node_version\":\"14.7.0\"}"}}
[debug] [2020-12-14T19:40:52.317Z] [runtime-status] [8688] Disabled runtime features: undefined {"metadata":{"emulator":{"name":"functions"},"function":{"name":"api"},"message":"[runtime-status] [8688] Disabled runtime features: undefined"}}
[debug] [2020-12-14T19:40:52.320Z] [runtime-status] [8688] Resolved module firebase-admin {"declared":true,"installed":true,"version":"9.4.1","resolution":"C:\\Users\\dimi44\\score4\\functions\\node_modules\\firebase-admin\\lib\\index.js"} {"metadata":{"emulator":{"name":"functions"},"function":{"name":"api"},"message":"[runtime-status] [8688] Resolved module firebase-admin {\"declared\":true,\"installed\":true,\"version\":\"9.4.1\",\"resolution\":\"C:\\\\Users\\\\dimi44\\\\score4\\\\functions\\\\node_modules\\\\firebase-admin\\\\lib\\\\index.js\"}"}}
[debug] [2020-12-14T19:40:52.322Z] [runtime-status] [8688] Resolved module firebase-functions {"declared":true,"installed":true,"version":"3.13.0","resolution":"C:\\Users\\dimi44\\score4\\functions\\node_modules\\firebase-functions\\lib\\index.js"} {"metadata":{"emulator":{"name":"functions"},"function":{"name":"api"},"message":"[runtime-status] [8688] Resolved module firebase-functions {\"declared\":true,\"installed\":true,\"version\":\"3.13.0\",\"resolution\":\"C:\\\\Users\\\\dimi44\\\\score4\\\\functions\\\\node_modules\\\\firebase-functions\\\\lib\\\\index.js\"}"}}
[debug] [2020-12-14T19:40:52.325Z] [runtime-status] [8688] Resolved module firebase-functions {"declared":true,"installed":true,"version":"3.13.0","resolution":"C:\\Users\\dimi44\\score4\\functions\\node_modules\\firebase-functions\\lib\\index.js"} {"metadata":{"emulator":{"name":"functions"},"function":{"name":"api"},"message":"[runtime-status] [8688] Resolved module firebase-functions {\"declared\":true,\"installed\":true,\"version\":\"3.13.0\",\"resolution\":\"C:\\\\Users\\\\dimi44\\\\score4\\\\functions\\\\node_modules\\\\firebase-functions\\\\lib\\\\index.js\"}"}}
[debug] [2020-12-14T19:40:52.327Z] [runtime-status] [8688] Outgoing network have been stubbed. [{"name":"http","status":"mocked"},{"name":"http","status":"mocked"},{"name":"https","status":"mocked"},{"name":"https","status":"mocked"},{"name":"net","status":"mocked"}] {"metadata":{"emulator":{"name":"functions"},"function":{"name":"api"},"message":"[runtime-status] [8688] Outgoing network have been stubbed. [{\"name\":\"http\",\"status\":\"mocked\"},{\"name\":\"http\",\"status\":\"mocked\"},{\"name\":\"https\",\"status\":\"mocked\"},{\"name\":\"https\",\"status\":\"mocked\"},{\"name\":\"net\",\"status\":\"mocked\"}]"}}
[debug] [2020-12-14T19:40:52.327Z] [runtime-status] [8688] Resolved module firebase-functions {"declared":true,"installed":true,"version":"3.13.0","resolution":"C:\\Users\\dimi44\\score4\\functions\\node_modules\\firebase-functions\\lib\\index.js"} {"metadata":{"emulator":{"name":"functions"},"function":{"name":"api"},"message":"[runtime-status] [8688] Resolved module firebase-functions {\"declared\":true,\"installed\":true,\"version\":\"3.13.0\",\"resolution\":\"C:\\\\Users\\\\dimi44\\\\score4\\\\functions\\\\node_modules\\\\firebase-functions\\\\lib\\\\index.js\"}"}}
[debug] [2020-12-14T19:40:52.386Z] [runtime-status] [8688] Checked functions.config() {"config":{}} {"metadata":{"emulator":{"name":"functions"},"function":{"name":"api"},"message":"[runtime-status] [8688] Checked functions.config() {\"config\":{}}"}}
[debug] [2020-12-14T19:40:52.386Z] [runtime-status] [8688] firebase-functions has been stubbed. {"functionsResolution":{"declared":true,"installed":true,"version":"3.13.0","resolution":"C:\\Users\\dimi44\\score4\\functions\\node_modules\\firebase-functions\\lib\\index.js"}} {"metadata":{"emulator":{"name":"functions"},"function":{"name":"api"},"message":"[runtime-status] [8688] firebase-functions has been stubbed. {\"functionsResolution\":{\"declared\":true,\"installed\":true,\"version\":\"3.13.0\",\"resolution\":\"C:\\\\Users\\\\dimi44\\\\score4\\\\functions\\\\node_modules\\\\firebase-functions\\\\lib\\\\index.js\"}}"}}
[debug] [2020-12-14T19:40:52.387Z] [runtime-status] [8688] Resolved module firebase-functions {"declared":true,"installed":true,"version":"3.13.0","resolution":"C:\\Users\\dimi44\\score4\\functions\\node_modules\\firebase-functions\\lib\\index.js"} {"metadata":{"emulator":{"name":"functions"},"function":{"name":"api"},"message":"[runtime-status] [8688] Resolved module firebase-functions {\"declared\":true,\"installed\":true,\"version\":\"3.13.0\",\"resolution\":\"C:\\\\Users\\\\dimi44\\\\score4\\\\functions\\\\node_modules\\\\firebase-functions\\\\lib\\\\index.js\"}"}}
[debug] [2020-12-14T19:40:52.388Z] [runtime-status] [8688] Resolved module firebase-admin {"declared":true,"installed":true,"version":"9.4.1","resolution":"C:\\Users\\dimi44\\score4\\functions\\node_modules\\firebase-admin\\lib\\index.js"} {"metadata":{"emulator":{"name":"functions"},"function":{"name":"api"},"message":"[runtime-status] [8688] Resolved module firebase-admin {\"declared\":true,\"installed\":true,\"version\":\"9.4.1\",\"resolution\":\"C:\\\\Users\\\\dimi44\\\\score4\\\\functions\\\\node_modules\\\\firebase-admin\\\\lib\\\\index.js\"}"}}
[debug] [2020-12-14T19:40:52.389Z] [runtime-status] [8688] Resolved module firebase-functions {"declared":true,"installed":true,"version":"3.13.0","resolution":"C:\\Users\\dimi44\\score4\\functions\\node_modules\\firebase-functions\\lib\\index.js"} {"metadata":{"emulator":{"name":"functions"},"function":{"name":"api"},"message":"[runtime-status] [8688] Resolved module firebase-functions {\"declared\":true,\"installed\":true,\"version\":\"3.13.0\",\"resolution\":\"C:\\\\Users\\\\dimi44\\\\score4\\\\functions\\\\node_modules\\\\firebase-functions\\\\lib\\\\index.js\"}"}}
[debug] [2020-12-14T19:40:52.389Z] [runtime-status] [8688] firebase-admin has been stubbed. {"adminResolution":{"declared":true,"installed":true,"version":"9.4.1","resolution":"C:\\Users\\dimi44\\score4\\functions\\node_modules\\firebase-admin\\lib\\index.js"}} {"metadata":{"emulator":{"name":"functions"},"function":{"name":"api"},"message":"[runtime-status] [8688] firebase-admin has been stubbed. {\"adminResolution\":{\"declared\":true,\"installed\":true,\"version\":\"9.4.1\",\"resolution\":\"C:\\\\Users\\\\dimi44\\\\score4\\\\functions\\\\node_modules\\\\firebase-admin\\\\lib\\\\index.js\"}}"}}
[debug] [2020-12-14T19:40:52.539Z] [runtime-status] [8688] initializeApp(DEFAULT) {"databaseURL":"https://score4-aa163.firebaseio.com","storageBucket":"score4-aa163.appspot.com","projectId":"score4-aa163"} {"metadata":{"emulator":{"name":"functions"},"function":{"name":"api"},"message":"[runtime-status] [8688] initializeApp(DEFAULT) {\"databaseURL\":\"https://score4-aa163.firebaseio.com\",\"storageBucket\":\"score4-aa163.appspot.com\",\"projectId\":\"score4-aa163\"}"}}
[debug] [2020-12-14T19:40:53.044Z] [runtime-status] [8688] Trigger "api" has been found, beginning invocation! {"metadata":{"emulator":{"name":"functions"},"function":{"name":"api"},"message":"[runtime-status] [8688] Trigger \"api\" has been found, beginning invocation!"}}
[info] i  functions: Beginning execution of "api" {"metadata":{"emulator":{"name":"functions"},"function":{"name":"api"},"message":"Beginning execution of \"api\""}}
[debug] [2020-12-14T19:40:53.045Z] [runtime-status] [8688] triggerDefinition {"regions":["europe-west1"],"httpsTrigger":{},"name":"api","entryPoint":"api"} {"metadata":{"emulator":{"name":"functions"},"function":{"name":"api"},"message":"[runtime-status] [8688] triggerDefinition {\"regions\":[\"europe-west1\"],\"httpsTrigger\":{},\"name\":\"api\",\"entryPoint\":\"api\"}"}}
[debug] [2020-12-14T19:40:53.045Z] [runtime-status] [8688] Running api in mode HTTPS {"metadata":{"emulator":{"name":"functions"},"function":{"name":"api"},"message":"[runtime-status] [8688] Running api in mode HTTPS"}}
[debug] [2020-12-14T19:40:53.049Z] [runtime-status] [8688] Attempting to listen to socketPath: \\?\pipe\C:\Users\dimi44\score4\functions\8688 {"metadata":{"emulator":{"name":"functions"},"function":{"name":"api"},"message":"[runtime-status] [8688] Attempting to listen to socketPath: \\\\?\\pipe\\C:\\Users\\dimi44\\score4\\functions\\8688"}}
[debug] [2020-12-14T19:40:53.051Z] [functions] Runtime ready! Sending request! {"metadata":{"emulator":{"name":"functions"},"message":"[functions] Runtime ready! Sending request!"}}
[debug] [2020-12-14T19:40:53.056Z] [runtime-status] [8688] Ephemeral server handling GET request {"metadata":{"emulator":{"name":"functions"},"function":{"name":"api"},"message":"[runtime-status] [8688] Ephemeral server handling GET request"}}
[debug] [2020-12-14T19:40:53.062Z] [runtime-status] [8688] Ephemeral server survived. {"metadata":{"emulator":{"name":"functions"},"function":{"name":"api"},"message":"[runtime-status] [8688] Ephemeral server survived."}}
[info] i  functions: Finished "api" in ~1s {"metadata":{"emulator":{"name":"functions"},"function":{"name":"api"},"message":"Finished \"api\" in ~1s"}}
[debug] [2020-12-14T19:40:53.064Z] [worker-api-cab5a0b6-281a-4be9-a25c-0cfd19e150b8]: IDLE {"metadata":{"emulator":{"name":"functions"},"message":"[worker-api-cab5a0b6-281a-4be9-a25c-0cfd19e150b8]: IDLE"}}
[debug] [2020-12-14T19:40:53.065Z] [work-queue] {"queueLength":0,"workRunningCount":1}
[debug] [2020-12-14T19:41:03.345Z] [work-queue] {"queueLength":1,"workRunningCount":1}
[debug] [2020-12-14T19:41:03.345Z] [work-queue] {"queueLength":0,"workRunningCount":2}
[debug] [2020-12-14T19:41:03.345Z] Accepted request GET /score4-aa163/europe-west1/api/test --> api
[debug] [2020-12-14T19:41:03.345Z] [worker-pool] submitWork(triggerId=api) {"metadata":{"emulator":{"name":"functions"},"message":"[worker-pool] submitWork(triggerId=api)"}}
[debug] [2020-12-14T19:41:03.345Z] [worker-api-cab5a0b6-281a-4be9-a25c-0cfd19e150b8]: Assigning socketPath: \\?\pipe\C:\Users\dimi44\score4\functions\8688 {"metadata":{"emulator":{"name":"functions"},"message":"[worker-api-cab5a0b6-281a-4be9-a25c-0cfd19e150b8]: Assigning socketPath: \\\\?\\pipe\\C:\\Users\\dimi44\\score4\\functions\\8688"}}
[debug] [2020-12-14T19:41:03.345Z] [worker-api-cab5a0b6-281a-4be9-a25c-0cfd19e150b8]: BUSY {"metadata":{"emulator":{"name":"functions"},"message":"[worker-api-cab5a0b6-281a-4be9-a25c-0cfd19e150b8]: BUSY"}}
[debug] [2020-12-14T19:41:03.346Z] [runtime-status] [8688] Trigger "api" has been found, beginning invocation! {"metadata":{"emulator":{"name":"functions"},"function":{"name":"api"},"message":"[runtime-status] [8688] Trigger \"api\" has been found, beginning invocation!"}}
[info] i  functions: Beginning execution of "api" {"metadata":{"emulator":{"name":"functions"},"function":{"name":"api"},"message":"Beginning execution of \"api\""}}
[debug] [2020-12-14T19:41:03.346Z] [runtime-status] [8688] triggerDefinition {"regions":["europe-west1"],"httpsTrigger":{},"name":"api","entryPoint":"api"} {"metadata":{"emulator":{"name":"functions"},"function":{"name":"api"},"message":"[runtime-status] [8688] triggerDefinition {\"regions\":[\"europe-west1\"],\"httpsTrigger\":{},\"name\":\"api\",\"entryPoint\":\"api\"}"}}
[debug] [2020-12-14T19:41:03.347Z] [runtime-status] [8688] Running api in mode HTTPS {"metadata":{"emulator":{"name":"functions"},"function":{"name":"api"},"message":"[runtime-status] [8688] Running api in mode HTTPS"}}
[debug] [2020-12-14T19:41:03.347Z] [runtime-status] [8688] Attempting to listen to socketPath: \\?\pipe\C:\Users\dimi44\score4\functions\8688 {"metadata":{"emulator":{"name":"functions"},"function":{"name":"api"},"message":"[runtime-status] [8688] Attempting to listen to socketPath: \\\\?\\pipe\\C:\\Users\\dimi44\\score4\\functions\\8688"}}
[debug] [2020-12-14T19:41:03.348Z] [functions] Runtime ready! Sending request! {"metadata":{"emulator":{"name":"functions"},"message":"[functions] Runtime ready! Sending request!"}}
[debug] [2020-12-14T19:41:03.350Z] [runtime-status] [8688] Ephemeral server handling GET request {"metadata":{"emulator":{"name":"functions"},"function":{"name":"api"},"message":"[runtime-status] [8688] Ephemeral server handling GET request"}}
[debug] [2020-12-14T19:41:03.351Z] [runtime-status] [8688] Ephemeral server survived. {"metadata":{"emulator":{"name":"functions"},"function":{"name":"api"},"message":"[runtime-status] [8688] Ephemeral server survived."}}
[info] i  functions: Finished "api" in ~1s {"metadata":{"emulator":{"name":"functions"},"function":{"name":"api"},"message":"Finished \"api\" in ~1s"}}
[debug] [2020-12-14T19:41:03.352Z] [worker-api-cab5a0b6-281a-4be9-a25c-0cfd19e150b8]: IDLE {"metadata":{"emulator":{"name":"functions"},"message":"[worker-api-cab5a0b6-281a-4be9-a25c-0cfd19e150b8]: IDLE"}}
[debug] [2020-12-14T19:41:03.352Z] [work-queue] {"queueLength":0,"workRunningCount":1}
[warn] !  functions: Your function timed out after ~60s. To configure this timeout, see
      https://firebase.google.com/docs/functions/manage-functions#set_timeout_and_memory_allocation. {"metadata":{"emulator":{"name":"functions"},"function":{"name":"api"},"message":"Your function timed out after ~60s. To configure this timeout, see\n      https://firebase.google.com/docs/functions/manage-functions#set_timeout_and_memory_allocation."}}
[info] >  C:\Users\dimi44\AppData\Roaming\npm\node_modules\firebase-tools\lib\emulator\functionsEmulatorRuntime.js:668 {"user":"C:\\Users\\dimi44\\AppData\\Roaming\\npm\\node_modules\\firebase-tools\\lib\\emulator\\functionsEmulatorRuntime.js:668\r","metadata":{"emulator":{"name":"functions"},"function":{"name":"api"},"message":"\u001b[90m> \u001b[39m C:\\Users\\dimi44\\AppData\\Roaming\\npm\\node_modules\\firebase-tools\\lib\\emulator\\functionsEmulatorRuntime.js:668\r"}}
[info] >                  throw new Error("Function timed out."); {"user":"                throw new Error(\"Function timed out.\");\r","metadata":{"emulator":{"name":"functions"},"function":{"name":"api"},"message":"\u001b[90m> \u001b[39m                 throw new Error(\"Function timed out.\");\r"}}
[info] >                  ^ {"user":"                ^\r","metadata":{"emulator":{"name":"functions"},"function":{"name":"api"},"message":"\u001b[90m> \u001b[39m                 ^\r"}}
[info] >   {"user":"\r","metadata":{"emulator":{"name":"functions"},"function":{"name":"api"},"message":"\u001b[90m> \u001b[39m \r"}}
[info] >  Error: Function timed out. {"user":"Error: Function timed out.\r","metadata":{"emulator":{"name":"functions"},"function":{"name":"api"},"message":"\u001b[90m> \u001b[39m Error: Function timed out.\r"}}
[info] >      at Timeout._onTimeout (C:\Users\dimi44\AppData\Roaming\npm\node_modules\firebase-tools\lib\emulator\functionsEmulatorRuntime.js:668:23) {"user":"    at Timeout._onTimeout (C:\\Users\\dimi44\\AppData\\Roaming\\npm\\node_modules\\firebase-tools\\lib\\emulator\\functionsEmulatorRuntime.js:668:23)\r","metadata":{"emulator":{"name":"functions"},"function":{"name":"api"},"message":"\u001b[90m> \u001b[39m     at Timeout._onTimeout (C:\\Users\\dimi44\\AppData\\Roaming\\npm\\node_modules\\firebase-tools\\lib\\emulator\\functionsEmulatorRuntime.js:668:23)\r"}}
[info] >      at listOnTimeout (internal/timers.js:551:17) {"user":"    at listOnTimeout (internal/timers.js:551:17)\r","metadata":{"emulator":{"name":"functions"},"function":{"name":"api"},"message":"\u001b[90m> \u001b[39m     at listOnTimeout (internal/timers.js:551:17)\r"}}
[info] >      at processTimers (internal/timers.js:494:7) {"user":"    at processTimers (internal/timers.js:494:7)\r","metadata":{"emulator":{"name":"functions"},"function":{"name":"api"},"message":"\u001b[90m> \u001b[39m     at processTimers (internal/timers.js:494:7)\r"}}
[debug] [2020-12-14T19:41:43.674Z] [worker-api-f6af178d-42c6-459f-a477-f7941f8dcf8e]: exited {"metadata":{"emulator":{"name":"functions"},"message":"[worker-api-f6af178d-42c6-459f-a477-f7941f8dcf8e]: exited"}}
[debug] [2020-12-14T19:41:43.675Z] [worker-api-f6af178d-42c6-459f-a477-f7941f8dcf8e]: FINISHED {"metadata":{"emulator":{"name":"functions"},"message":"[worker-api-f6af178d-42c6-459f-a477-f7941f8dcf8e]: FINISHED"}}
[debug] [2020-12-14T19:41:43.675Z] [work-queue] {"queueLength":0,"workRunningCount":0}
